<?xml version="1.0" encoding="UTF-8"?>
<!-- Generated by org.testng.reporters.JUnitReportReporter -->
<testsuite skipped="0" hostname="DES-WIP-102" name="org.test.e2s.Practice" tests="1" failures="0" timestamp="13 Jan 2022 09:37:58 GMT" time="28.791" errors="0">
  <testcase name="test123" time="28.791" classname="org.test.e2s.Practice"/>
</testsuite> <!-- org.test.e2s.Practice -->
